<?xml version="1.0" encoding="UTF-8"?>
<!-- Generated by org.testng.reporters.JUnitXMLReporter -->
<testsuite ignored="0" hostname="meem" failures="0" tests="3" name="Test" time="3.027" errors="0" timestamp="2022-12-03T11:28:46 EST">
  <testcase classname="learnTestNGParameters_excel_2.ProjectSpecificWrapper" name="@BeforeMethod login" time="2.725">
    <failure type="org.openqa.selenium.NoSuchElementException" message="no such element: Unable to locate element: {&amp;quot;method&amp;quot;:&amp;quot;link text&amp;quot;,&amp;quot;selector&amp;quot;:&amp;quot;CRM/SFA&amp;quot;}
  (Session info: chrome=107.0.5304.123)
For documentation on this error, please visit: https://www.seleniumhq.org/exceptions/no_such_element.html
Build info: version: &amp;apos;3.141.59&amp;apos;, revision: &amp;apos;e82be7d358&amp;apos;, time: &amp;apos;2018-11-14T08:17:03&amp;apos;
System info: host: &amp;apos;MEEM&amp;apos;, ip: &amp;apos;192.168.1.159&amp;apos;, os.name: &amp;apos;Windows 11&amp;apos;, os.arch: &amp;apos;amd64&amp;apos;, os.version: &amp;apos;10.0&amp;apos;, java.version: &amp;apos;18.0.2&amp;apos;
Driver info: org.openqa.selenium.chrome.ChromeDriver
Capabilities {acceptInsecureCerts: false, browserName: chrome, browserVersion: 107.0.5304.123, chrome: {chromedriverVersion: 106.0.5249.61 (511755355844..., userDataDir: C:\Users\tasni\AppData\Loca...}, goog:chromeOptions: {debuggerAddress: localhost:62226}, javascriptEnabled: true, networkConnectionEnabled: false, pageLoadStrategy: normal, platform: WINDOWS, platformName: WINDOWS, proxy: Proxy(), setWindowRect: true, strictFileInteractability: false, timeouts: {implicit: 0, pageLoad: 300000, script: 30000}, unhandledPromptBehavior: dismiss and notify, webauthn:extension:credBlob: true, webauthn:extension:largeBlob: true, webauthn:virtualAuthenticators: true}
Session ID: 4a08673be8606c329cc094f04e59c18c
*** Element info: {Using=link text, value=CRM/SFA}">
      <![CDATA[org.openqa.selenium.NoSuchElementException: no such element: Unable to locate element: {"method":"link text","selector":"CRM/SFA"}
  (Session info: chrome=107.0.5304.123)
For documentation on this error, please visit: https://www.seleniumhq.org/exceptions/no_such_element.html
Build info: version: '3.141.59', revision: 'e82be7d358', time: '2018-11-14T08:17:03'
System info: host: 'MEEM', ip: '192.168.1.159', os.name: 'Windows 11', os.arch: 'amd64', os.version: '10.0', java.version: '18.0.2'
Driver info: org.openqa.selenium.chrome.ChromeDriver
Capabilities {acceptInsecureCerts: false, browserName: chrome, browserVersion: 107.0.5304.123, chrome: {chromedriverVersion: 106.0.5249.61 (511755355844..., userDataDir: C:\Users\tasni\AppData\Loca...}, goog:chromeOptions: {debuggerAddress: localhost:62226}, javascriptEnabled: true, networkConnectionEnabled: false, pageLoadStrategy: normal, platform: WINDOWS, platformName: WINDOWS, proxy: Proxy(), setWindowRect: true, strictFileInteractability: false, timeouts: {implicit: 0, pageLoad: 300000, script: 30000}, unhandledPromptBehavior: dismiss and notify, webauthn:extension:credBlob: true, webauthn:extension:largeBlob: true, webauthn:virtualAuthenticators: true}
Session ID: 4a08673be8606c329cc094f04e59c18c
*** Element info: {Using=link text, value=CRM/SFA}
at org.openqa.selenium.remote.http.W3CHttpResponseCodec.createException(W3CHttpResponseCodec.java:187)
at org.openqa.selenium.remote.http.W3CHttpResponseCodec.decode(W3CHttpResponseCodec.java:122)
at org.openqa.selenium.remote.http.W3CHttpResponseCodec.decode(W3CHttpResponseCodec.java:49)
at org.openqa.selenium.remote.HttpCommandExecutor.execute(HttpCommandExecutor.java:158)
at org.openqa.selenium.remote.service.DriverCommandExecutor.execute(DriverCommandExecutor.java:83)
at org.openqa.selenium.remote.RemoteWebDriver.execute(RemoteWebDriver.java:552)
at org.openqa.selenium.remote.RemoteWebDriver.findElement(RemoteWebDriver.java:323)
at org.openqa.selenium.remote.RemoteWebDriver.findElementByLinkText(RemoteWebDriver.java:380)
at learnTestNGParameters_excel_2.ProjectSpecificWrapper.login(ProjectSpecificWrapper.java:26)
at java.base/java.util.ArrayList.forEach(ArrayList.java:1511)
... Removed 32 stack frames]]>
    </failure>
  </testcase> <!-- @BeforeMethod login -->
  <testcase classname="learnTestNGParameters_excel_2.ProjectSpecificWrapper" name="@AfterMethod logout" time="-1.67008492637E9">
    <skipped/>
  </testcase> <!-- @AfterMethod logout -->
  <testcase classname="learnTestNGParameters_excel_2.ProjectSpecificWrapper" name="@BeforeMethod login" time="-1.670084926371E9">
    <skipped/>
  </testcase> <!-- @BeforeMethod login -->
  <testcase classname="learnTestNGParameters_excel_2.ProjectSpecificWrapper" name="@AfterMethod logout" time="-1.670084926373E9">
    <skipped/>
  </testcase> <!-- @AfterMethod logout -->
  <testcase classname="learnTestNGParameters_excel_2.ProjectSpecificWrapper" name="@BeforeMethod login" time="-1.670084926373E9">
    <skipped/>
  </testcase> <!-- @BeforeMethod login -->
  <testcase classname="learnTestNGParameters_excel_2.ProjectSpecificWrapper" name="@AfterMethod logout" time="-1.670084926375E9">
    <skipped/>
  </testcase> <!-- @AfterMethod logout -->
  <testcase classname="learnTestNGParameters_excel_2.TestCase" name="CreatLead" time="0.0">
    <skipped/>
  </testcase> <!-- CreatLead -->
  <testcase classname="learnTestNGParameters_excel_2.TestCase" name="CreatLead" time="0.0">
    <skipped/>
  </testcase> <!-- CreatLead -->
  <testcase classname="learnTestNGParameters_excel_2.TestCase" name="CreatLead" time="0.0">
    <skipped/>
  </testcase> <!-- CreatLead -->
</testsuite> <!-- Test -->
