<?xml version="1.0" encoding="UTF-8"?>
<testng-results ignored="0" total="4" passed="0" failed="0" skipped="4">
  <reporter-output>
  </reporter-output>
  <suite started-at="2022-12-12T11:04:23 EST" name="Suite" finished-at="2022-12-12T11:04:25 EST" duration-ms="2068">
    <groups>
    </groups>
    <test started-at="2022-12-12T11:04:23 EST" name="Test" finished-at="2022-12-12T11:04:25 EST" duration-ms="2068">
      <class name="testCases_LeafTapWD.CreateAccount">
        <test-method is-config="true" signature="login()[pri:0, instance:testCases_LeafTapWD.CreateAccount@865dd6]" started-at="2022-12-12T11:04:23 EST" name="login" finished-at="2022-12-12T11:04:25 EST" duration-ms="2045" status="FAIL">
          <exception class="org.openqa.selenium.SessionNotCreatedException">
            <message>
              <![CDATA[session not created: This version of ChromeDriver only supports Chrome version 106
Current browser version is 108.0.5359.99 with binary path C:\Program Files\Google\Chrome\Application\chrome.exe
Build info: version: '3.141.59', revision: 'e82be7d358', time: '2018-11-14T08:17:03'
System info: host: 'MEEM', ip: '192.168.1.159', os.name: 'Windows 11', os.arch: 'amd64', os.version: '10.0', java.version: '18.0.2'
Driver info: driver.version: ChromeDriver
remote stacktrace: Backtrace:
Ordinal0 [0x00531ED3+2236115]
Ordinal0 [0x004C92F1+1807089]
Ordinal0 [0x003D66FD+812797]
Ordinal0 [0x003F8C6D+953453]
Ordinal0 [0x003F4200+934400]
Ordinal0 [0x003F19C9+924105]
Ordinal0 [0x0042806C+1146988]
Ordinal0 [0x00427A6A+1145450]
Ordinal0 [0x004218A6+1120422]
Ordinal0 [0x003FA73D+960317]
Ordinal0 [0x003FB71F+964383]
GetHandleVerifier [0x007DE7E2+2743074]
GetHandleVerifier [0x007D08D4+2685972]
GetHandleVerifier [0x005C2BAA+532202]
GetHandleVerifier [0x005C1990+527568]
Ordinal0 [0x004D080C+1837068]
Ordinal0 [0x004D4CD8+1854680]
Ordinal0 [0x004D4DC5+1854917]
Ordinal0 [0x004DED64+1895780]
BaseThreadInitThunk [0x76F36939+25]
RtlGetFullPathName_UEx [0x774E8FD2+1218]
RtlGetFullPathName_UEx [0x774E8F9D+1165]
]]>
            </message>
            <full-stacktrace>
              <![CDATA[org.openqa.selenium.SessionNotCreatedException: session not created: This version of ChromeDriver only supports Chrome version 106
Current browser version is 108.0.5359.99 with binary path C:\Program Files\Google\Chrome\Application\chrome.exe
Build info: version: '3.141.59', revision: 'e82be7d358', time: '2018-11-14T08:17:03'
System info: host: 'MEEM', ip: '192.168.1.159', os.name: 'Windows 11', os.arch: 'amd64', os.version: '10.0', java.version: '18.0.2'
Driver info: driver.version: ChromeDriver
remote stacktrace: Backtrace:
Ordinal0 [0x00531ED3+2236115]
Ordinal0 [0x004C92F1+1807089]
Ordinal0 [0x003D66FD+812797]
Ordinal0 [0x003F8C6D+953453]
Ordinal0 [0x003F4200+934400]
Ordinal0 [0x003F19C9+924105]
Ordinal0 [0x0042806C+1146988]
Ordinal0 [0x00427A6A+1145450]
Ordinal0 [0x004218A6+1120422]
Ordinal0 [0x003FA73D+960317]
Ordinal0 [0x003FB71F+964383]
GetHandleVerifier [0x007DE7E2+2743074]
GetHandleVerifier [0x007D08D4+2685972]
GetHandleVerifier [0x005C2BAA+532202]
GetHandleVerifier [0x005C1990+527568]
Ordinal0 [0x004D080C+1837068]
Ordinal0 [0x004D4CD8+1854680]
Ordinal0 [0x004D4DC5+1854917]
Ordinal0 [0x004DED64+1895780]
BaseThreadInitThunk [0x76F36939+25]
RtlGetFullPathName_UEx [0x774E8FD2+1218]
RtlGetFullPathName_UEx [0x774E8F9D+1165]

at java.base/jdk.internal.reflect.DirectConstructorHandleAccessor.newInstance(DirectConstructorHandleAccessor.java:67)
at java.base/java.lang.reflect.Constructor.newInstanceWithCaller(Constructor.java:499)
at java.base/java.lang.reflect.Constructor.newInstance(Constructor.java:483)
at org.openqa.selenium.remote.W3CHandshakeResponse.lambda$errorHandler$0(W3CHandshakeResponse.java:62)
at org.openqa.selenium.remote.HandshakeResponse.lambda$getResponseFunction$0(HandshakeResponse.java:30)
at org.openqa.selenium.remote.ProtocolHandshake.lambda$createSession$0(ProtocolHandshake.java:126)
at java.base/java.util.stream.ReferencePipeline$3$1.accept(ReferencePipeline.java:197)
at java.base/java.util.Spliterators$ArraySpliterator.tryAdvance(Spliterators.java:1002)
at java.base/java.util.stream.ReferencePipeline.forEachWithCancel(ReferencePipeline.java:129)
at java.base/java.util.stream.AbstractPipeline.copyIntoWithCancel(AbstractPipeline.java:527)
at java.base/java.util.stream.AbstractPipeline.copyInto(AbstractPipeline.java:513)
at java.base/java.util.stream.AbstractPipeline.wrapAndCopyInto(AbstractPipeline.java:499)
at java.base/java.util.stream.FindOps$FindOp.evaluateSequential(FindOps.java:150)
at java.base/java.util.stream.AbstractPipeline.evaluate(AbstractPipeline.java:234)
at java.base/java.util.stream.ReferencePipeline.findFirst(ReferencePipeline.java:647)
at org.openqa.selenium.remote.ProtocolHandshake.createSession(ProtocolHandshake.java:128)
at org.openqa.selenium.remote.ProtocolHandshake.createSession(ProtocolHandshake.java:74)
at org.openqa.selenium.remote.HttpCommandExecutor.execute(HttpCommandExecutor.java:136)
at org.openqa.selenium.remote.service.DriverCommandExecutor.execute(DriverCommandExecutor.java:83)
at org.openqa.selenium.remote.RemoteWebDriver.execute(RemoteWebDriver.java:552)
at org.openqa.selenium.remote.RemoteWebDriver.startSession(RemoteWebDriver.java:213)
at org.openqa.selenium.remote.RemoteWebDriver.<init>(RemoteWebDriver.java:131)
at org.openqa.selenium.chrome.ChromeDriver.<init>(ChromeDriver.java:181)
at org.openqa.selenium.chrome.ChromeDriver.<init>(ChromeDriver.java:168)
at org.openqa.selenium.chrome.ChromeDriver.<init>(ChromeDriver.java:123)
at wrapper.ProjectSpecificWrapper_WbDvr_TestLeaf.login(ProjectSpecificWrapper_WbDvr_TestLeaf.java:21)
at java.base/jdk.internal.reflect.DirectMethodHandleAccessor.invoke(DirectMethodHandleAccessor.java:104)
at java.base/java.lang.reflect.Method.invoke(Method.java:577)
at org.testng.internal.MethodInvocationHelper.invokeMethod(MethodInvocationHelper.java:133)
at org.testng.internal.MethodInvocationHelper.invokeMethodConsideringTimeout(MethodInvocationHelper.java:62)
at org.testng.internal.ConfigInvoker.invokeConfigurationMethod(ConfigInvoker.java:340)
at org.testng.internal.ConfigInvoker.invokeConfigurations(ConfigInvoker.java:294)
at org.testng.internal.TestInvoker.runConfigMethods(TestInvoker.java:683)
at org.testng.internal.TestInvoker.invokeMethod(TestInvoker.java:510)
at org.testng.internal.TestInvoker.invokeTestMethod(TestInvoker.java:172)
at org.testng.internal.MethodRunner.runInSequence(MethodRunner.java:46)
at org.testng.internal.TestInvoker$MethodInvocationAgent.invoke(TestInvoker.java:804)
at org.testng.internal.TestInvoker.invokeTestMethods(TestInvoker.java:145)
at org.testng.internal.TestMethodWorker.invokeTestMethods(TestMethodWorker.java:146)
at org.testng.internal.TestMethodWorker.run(TestMethodWorker.java:128)
at java.base/java.util.concurrent.ThreadPoolExecutor.runWorker(ThreadPoolExecutor.java:1136)
at java.base/java.util.concurrent.ThreadPoolExecutor$Worker.run(ThreadPoolExecutor.java:635)
at java.base/java.lang.Thread.run(Thread.java:833)
]]>
            </full-stacktrace>
          </exception> <!-- org.openqa.selenium.SessionNotCreatedException -->
          <reporter-output>
          </reporter-output>
        </test-method> <!-- login -->
        <test-method signature="createAccount()[pri:0, instance:testCases_LeafTapWD.CreateAccount@865dd6]" started-at="2022-12-12T11:04:25 EST" name="createAccount" finished-at="2022-12-12T11:04:25 EST" duration-ms="0" status="SKIP">
          <exception class="org.openqa.selenium.SessionNotCreatedException">
            <message>
              <![CDATA[session not created: This version of ChromeDriver only supports Chrome version 106
Current browser version is 108.0.5359.99 with binary path C:\Program Files\Google\Chrome\Application\chrome.exe
Build info: version: '3.141.59', revision: 'e82be7d358', time: '2018-11-14T08:17:03'
System info: host: 'MEEM', ip: '192.168.1.159', os.name: 'Windows 11', os.arch: 'amd64', os.version: '10.0', java.version: '18.0.2'
Driver info: driver.version: ChromeDriver
remote stacktrace: Backtrace:
Ordinal0 [0x00531ED3+2236115]
Ordinal0 [0x004C92F1+1807089]
Ordinal0 [0x003D66FD+812797]
Ordinal0 [0x003F8C6D+953453]
Ordinal0 [0x003F4200+934400]
Ordinal0 [0x003F19C9+924105]
Ordinal0 [0x0042806C+1146988]
Ordinal0 [0x00427A6A+1145450]
Ordinal0 [0x004218A6+1120422]
Ordinal0 [0x003FA73D+960317]
Ordinal0 [0x003FB71F+964383]
GetHandleVerifier [0x007DE7E2+2743074]
GetHandleVerifier [0x007D08D4+2685972]
GetHandleVerifier [0x005C2BAA+532202]
GetHandleVerifier [0x005C1990+527568]
Ordinal0 [0x004D080C+1837068]
Ordinal0 [0x004D4CD8+1854680]
Ordinal0 [0x004D4DC5+1854917]
Ordinal0 [0x004DED64+1895780]
BaseThreadInitThunk [0x76F36939+25]
RtlGetFullPathName_UEx [0x774E8FD2+1218]
RtlGetFullPathName_UEx [0x774E8F9D+1165]
]]>
            </message>
            <full-stacktrace>
              <![CDATA[org.openqa.selenium.SessionNotCreatedException: session not created: This version of ChromeDriver only supports Chrome version 106
Current browser version is 108.0.5359.99 with binary path C:\Program Files\Google\Chrome\Application\chrome.exe
Build info: version: '3.141.59', revision: 'e82be7d358', time: '2018-11-14T08:17:03'
System info: host: 'MEEM', ip: '192.168.1.159', os.name: 'Windows 11', os.arch: 'amd64', os.version: '10.0', java.version: '18.0.2'
Driver info: driver.version: ChromeDriver
remote stacktrace: Backtrace:
Ordinal0 [0x00531ED3+2236115]
Ordinal0 [0x004C92F1+1807089]
Ordinal0 [0x003D66FD+812797]
Ordinal0 [0x003F8C6D+953453]
Ordinal0 [0x003F4200+934400]
Ordinal0 [0x003F19C9+924105]
Ordinal0 [0x0042806C+1146988]
Ordinal0 [0x00427A6A+1145450]
Ordinal0 [0x004218A6+1120422]
Ordinal0 [0x003FA73D+960317]
Ordinal0 [0x003FB71F+964383]
GetHandleVerifier [0x007DE7E2+2743074]
GetHandleVerifier [0x007D08D4+2685972]
GetHandleVerifier [0x005C2BAA+532202]
GetHandleVerifier [0x005C1990+527568]
Ordinal0 [0x004D080C+1837068]
Ordinal0 [0x004D4CD8+1854680]
Ordinal0 [0x004D4DC5+1854917]
Ordinal0 [0x004DED64+1895780]
BaseThreadInitThunk [0x76F36939+25]
RtlGetFullPathName_UEx [0x774E8FD2+1218]
RtlGetFullPathName_UEx [0x774E8F9D+1165]

at java.base/jdk.internal.reflect.DirectConstructorHandleAccessor.newInstance(DirectConstructorHandleAccessor.java:67)
at java.base/java.lang.reflect.Constructor.newInstanceWithCaller(Constructor.java:499)
at java.base/java.lang.reflect.Constructor.newInstance(Constructor.java:483)
at org.openqa.selenium.remote.W3CHandshakeResponse.lambda$errorHandler$0(W3CHandshakeResponse.java:62)
at org.openqa.selenium.remote.HandshakeResponse.lambda$getResponseFunction$0(HandshakeResponse.java:30)
at org.openqa.selenium.remote.ProtocolHandshake.lambda$createSession$0(ProtocolHandshake.java:126)
at java.base/java.util.stream.ReferencePipeline$3$1.accept(ReferencePipeline.java:197)
at java.base/java.util.Spliterators$ArraySpliterator.tryAdvance(Spliterators.java:1002)
at java.base/java.util.stream.ReferencePipeline.forEachWithCancel(ReferencePipeline.java:129)
at java.base/java.util.stream.AbstractPipeline.copyIntoWithCancel(AbstractPipeline.java:527)
at java.base/java.util.stream.AbstractPipeline.copyInto(AbstractPipeline.java:513)
at java.base/java.util.stream.AbstractPipeline.wrapAndCopyInto(AbstractPipeline.java:499)
at java.base/java.util.stream.FindOps$FindOp.evaluateSequential(FindOps.java:150)
at java.base/java.util.stream.AbstractPipeline.evaluate(AbstractPipeline.java:234)
at java.base/java.util.stream.ReferencePipeline.findFirst(ReferencePipeline.java:647)
at org.openqa.selenium.remote.ProtocolHandshake.createSession(ProtocolHandshake.java:128)
at org.openqa.selenium.remote.ProtocolHandshake.createSession(ProtocolHandshake.java:74)
at org.openqa.selenium.remote.HttpCommandExecutor.execute(HttpCommandExecutor.java:136)
at org.openqa.selenium.remote.service.DriverCommandExecutor.execute(DriverCommandExecutor.java:83)
at org.openqa.selenium.remote.RemoteWebDriver.execute(RemoteWebDriver.java:552)
at org.openqa.selenium.remote.RemoteWebDriver.startSession(RemoteWebDriver.java:213)
at org.openqa.selenium.remote.RemoteWebDriver.<init>(RemoteWebDriver.java:131)
at org.openqa.selenium.chrome.ChromeDriver.<init>(ChromeDriver.java:181)
at org.openqa.selenium.chrome.ChromeDriver.<init>(ChromeDriver.java:168)
at org.openqa.selenium.chrome.ChromeDriver.<init>(ChromeDriver.java:123)
at wrapper.ProjectSpecificWrapper_WbDvr_TestLeaf.login(ProjectSpecificWrapper_WbDvr_TestLeaf.java:21)
at java.base/jdk.internal.reflect.DirectMethodHandleAccessor.invoke(DirectMethodHandleAccessor.java:104)
at java.base/java.lang.reflect.Method.invoke(Method.java:577)
at org.testng.internal.MethodInvocationHelper.invokeMethod(MethodInvocationHelper.java:133)
at org.testng.internal.MethodInvocationHelper.invokeMethodConsideringTimeout(MethodInvocationHelper.java:62)
at org.testng.internal.ConfigInvoker.invokeConfigurationMethod(ConfigInvoker.java:340)
at org.testng.internal.ConfigInvoker.invokeConfigurations(ConfigInvoker.java:294)
at org.testng.internal.TestInvoker.runConfigMethods(TestInvoker.java:683)
at org.testng.internal.TestInvoker.invokeMethod(TestInvoker.java:510)
at org.testng.internal.TestInvoker.invokeTestMethod(TestInvoker.java:172)
at org.testng.internal.MethodRunner.runInSequence(MethodRunner.java:46)
at org.testng.internal.TestInvoker$MethodInvocationAgent.invoke(TestInvoker.java:804)
at org.testng.internal.TestInvoker.invokeTestMethods(TestInvoker.java:145)
at org.testng.internal.TestMethodWorker.invokeTestMethods(TestMethodWorker.java:146)
at org.testng.internal.TestMethodWorker.run(TestMethodWorker.java:128)
at java.base/java.util.concurrent.ThreadPoolExecutor.runWorker(ThreadPoolExecutor.java:1136)
at java.base/java.util.concurrent.ThreadPoolExecutor$Worker.run(ThreadPoolExecutor.java:635)
at java.base/java.lang.Thread.run(Thread.java:833)
]]>
            </full-stacktrace>
          </exception> <!-- org.openqa.selenium.SessionNotCreatedException -->
          <reporter-output>
          </reporter-output>
        </test-method> <!-- createAccount -->
        <test-method is-config="true" signature="logout()[pri:0, instance:testCases_LeafTapWD.CreateAccount@865dd6]" started-at="2022-12-12T11:04:25 EST" name="logout" finished-at="1969-12-31T19:00:00 EST" duration-ms="-1670861065849" status="SKIP">
          <reporter-output>
          </reporter-output>
        </test-method> <!-- logout -->
      </class> <!-- testCases_LeafTapWD.CreateAccount -->
      <class name="testCases_LeafTapWD.CreateOpportunity">
        <test-method is-config="true" signature="login()[pri:0, instance:testCases_LeafTapWD.CreateOpportunity@4da4253]" started-at="2022-12-12T11:04:23 EST" name="login" finished-at="2022-12-12T11:04:25 EST" duration-ms="1987" status="FAIL">
          <exception class="org.openqa.selenium.SessionNotCreatedException">
            <message>
              <![CDATA[session not created: This version of ChromeDriver only supports Chrome version 106
Current browser version is 108.0.5359.99 with binary path C:\Program Files\Google\Chrome\Application\chrome.exe
Build info: version: '3.141.59', revision: 'e82be7d358', time: '2018-11-14T08:17:03'
System info: host: 'MEEM', ip: '192.168.1.159', os.name: 'Windows 11', os.arch: 'amd64', os.version: '10.0', java.version: '18.0.2'
Driver info: driver.version: ChromeDriver
remote stacktrace: Backtrace:
Ordinal0 [0x00531ED3+2236115]
Ordinal0 [0x004C92F1+1807089]
Ordinal0 [0x003D66FD+812797]
Ordinal0 [0x003F8C6D+953453]
Ordinal0 [0x003F4200+934400]
Ordinal0 [0x003F19C9+924105]
Ordinal0 [0x0042806C+1146988]
Ordinal0 [0x00427A6A+1145450]
Ordinal0 [0x004218A6+1120422]
Ordinal0 [0x003FA73D+960317]
Ordinal0 [0x003FB71F+964383]
GetHandleVerifier [0x007DE7E2+2743074]
GetHandleVerifier [0x007D08D4+2685972]
GetHandleVerifier [0x005C2BAA+532202]
GetHandleVerifier [0x005C1990+527568]
Ordinal0 [0x004D080C+1837068]
Ordinal0 [0x004D4CD8+1854680]
Ordinal0 [0x004D4DC5+1854917]
Ordinal0 [0x004DED64+1895780]
BaseThreadInitThunk [0x76F36939+25]
RtlGetFullPathName_UEx [0x774E8FD2+1218]
RtlGetFullPathName_UEx [0x774E8F9D+1165]
]]>
            </message>
            <full-stacktrace>
              <![CDATA[org.openqa.selenium.SessionNotCreatedException: session not created: This version of ChromeDriver only supports Chrome version 106
Current browser version is 108.0.5359.99 with binary path C:\Program Files\Google\Chrome\Application\chrome.exe
Build info: version: '3.141.59', revision: 'e82be7d358', time: '2018-11-14T08:17:03'
System info: host: 'MEEM', ip: '192.168.1.159', os.name: 'Windows 11', os.arch: 'amd64', os.version: '10.0', java.version: '18.0.2'
Driver info: driver.version: ChromeDriver
remote stacktrace: Backtrace:
Ordinal0 [0x00531ED3+2236115]
Ordinal0 [0x004C92F1+1807089]
Ordinal0 [0x003D66FD+812797]
Ordinal0 [0x003F8C6D+953453]
Ordinal0 [0x003F4200+934400]
Ordinal0 [0x003F19C9+924105]
Ordinal0 [0x0042806C+1146988]
Ordinal0 [0x00427A6A+1145450]
Ordinal0 [0x004218A6+1120422]
Ordinal0 [0x003FA73D+960317]
Ordinal0 [0x003FB71F+964383]
GetHandleVerifier [0x007DE7E2+2743074]
GetHandleVerifier [0x007D08D4+2685972]
GetHandleVerifier [0x005C2BAA+532202]
GetHandleVerifier [0x005C1990+527568]
Ordinal0 [0x004D080C+1837068]
Ordinal0 [0x004D4CD8+1854680]
Ordinal0 [0x004D4DC5+1854917]
Ordinal0 [0x004DED64+1895780]
BaseThreadInitThunk [0x76F36939+25]
RtlGetFullPathName_UEx [0x774E8FD2+1218]
RtlGetFullPathName_UEx [0x774E8F9D+1165]

at java.base/jdk.internal.reflect.DirectConstructorHandleAccessor.newInstance(DirectConstructorHandleAccessor.java:67)
at java.base/java.lang.reflect.Constructor.newInstanceWithCaller(Constructor.java:499)
at java.base/java.lang.reflect.Constructor.newInstance(Constructor.java:483)
at org.openqa.selenium.remote.W3CHandshakeResponse.lambda$errorHandler$0(W3CHandshakeResponse.java:62)
at org.openqa.selenium.remote.HandshakeResponse.lambda$getResponseFunction$0(HandshakeResponse.java:30)
at org.openqa.selenium.remote.ProtocolHandshake.lambda$createSession$0(ProtocolHandshake.java:126)
at java.base/java.util.stream.ReferencePipeline$3$1.accept(ReferencePipeline.java:197)
at java.base/java.util.Spliterators$ArraySpliterator.tryAdvance(Spliterators.java:1002)
at java.base/java.util.stream.ReferencePipeline.forEachWithCancel(ReferencePipeline.java:129)
at java.base/java.util.stream.AbstractPipeline.copyIntoWithCancel(AbstractPipeline.java:527)
at java.base/java.util.stream.AbstractPipeline.copyInto(AbstractPipeline.java:513)
at java.base/java.util.stream.AbstractPipeline.wrapAndCopyInto(AbstractPipeline.java:499)
at java.base/java.util.stream.FindOps$FindOp.evaluateSequential(FindOps.java:150)
at java.base/java.util.stream.AbstractPipeline.evaluate(AbstractPipeline.java:234)
at java.base/java.util.stream.ReferencePipeline.findFirst(ReferencePipeline.java:647)
at org.openqa.selenium.remote.ProtocolHandshake.createSession(ProtocolHandshake.java:128)
at org.openqa.selenium.remote.ProtocolHandshake.createSession(ProtocolHandshake.java:74)
at org.openqa.selenium.remote.HttpCommandExecutor.execute(HttpCommandExecutor.java:136)
at org.openqa.selenium.remote.service.DriverCommandExecutor.execute(DriverCommandExecutor.java:83)
at org.openqa.selenium.remote.RemoteWebDriver.execute(RemoteWebDriver.java:552)
at org.openqa.selenium.remote.RemoteWebDriver.startSession(RemoteWebDriver.java:213)
at org.openqa.selenium.remote.RemoteWebDriver.<init>(RemoteWebDriver.java:131)
at org.openqa.selenium.chrome.ChromeDriver.<init>(ChromeDriver.java:181)
at org.openqa.selenium.chrome.ChromeDriver.<init>(ChromeDriver.java:168)
at org.openqa.selenium.chrome.ChromeDriver.<init>(ChromeDriver.java:123)
at wrapper.ProjectSpecificWrapper_WbDvr_TestLeaf.login(ProjectSpecificWrapper_WbDvr_TestLeaf.java:21)
at java.base/jdk.internal.reflect.DirectMethodHandleAccessor.invoke(DirectMethodHandleAccessor.java:104)
at java.base/java.lang.reflect.Method.invoke(Method.java:577)
at org.testng.internal.MethodInvocationHelper.invokeMethod(MethodInvocationHelper.java:133)
at org.testng.internal.MethodInvocationHelper.invokeMethodConsideringTimeout(MethodInvocationHelper.java:62)
at org.testng.internal.ConfigInvoker.invokeConfigurationMethod(ConfigInvoker.java:340)
at org.testng.internal.ConfigInvoker.invokeConfigurations(ConfigInvoker.java:294)
at org.testng.internal.TestInvoker.runConfigMethods(TestInvoker.java:683)
at org.testng.internal.TestInvoker.invokeMethod(TestInvoker.java:510)
at org.testng.internal.TestInvoker.invokeTestMethod(TestInvoker.java:172)
at org.testng.internal.MethodRunner.runInSequence(MethodRunner.java:46)
at org.testng.internal.TestInvoker$MethodInvocationAgent.invoke(TestInvoker.java:804)
at org.testng.internal.TestInvoker.invokeTestMethods(TestInvoker.java:145)
at org.testng.internal.TestMethodWorker.invokeTestMethods(TestMethodWorker.java:146)
at org.testng.internal.TestMethodWorker.run(TestMethodWorker.java:128)
at java.base/java.util.concurrent.ThreadPoolExecutor.runWorker(ThreadPoolExecutor.java:1136)
at java.base/java.util.concurrent.ThreadPoolExecutor$Worker.run(ThreadPoolExecutor.java:635)
at java.base/java.lang.Thread.run(Thread.java:833)
]]>
            </full-stacktrace>
          </exception> <!-- org.openqa.selenium.SessionNotCreatedException -->
          <reporter-output>
          </reporter-output>
        </test-method> <!-- login -->
        <test-method signature="createOpportunity()[pri:0, instance:testCases_LeafTapWD.CreateOpportunity@4da4253]" started-at="2022-12-12T11:04:25 EST" name="createOpportunity" finished-at="2022-12-12T11:04:25 EST" duration-ms="0" status="SKIP">
          <exception class="org.openqa.selenium.SessionNotCreatedException">
            <message>
              <![CDATA[session not created: This version of ChromeDriver only supports Chrome version 106
Current browser version is 108.0.5359.99 with binary path C:\Program Files\Google\Chrome\Application\chrome.exe
Build info: version: '3.141.59', revision: 'e82be7d358', time: '2018-11-14T08:17:03'
System info: host: 'MEEM', ip: '192.168.1.159', os.name: 'Windows 11', os.arch: 'amd64', os.version: '10.0', java.version: '18.0.2'
Driver info: driver.version: ChromeDriver
remote stacktrace: Backtrace:
Ordinal0 [0x00531ED3+2236115]
Ordinal0 [0x004C92F1+1807089]
Ordinal0 [0x003D66FD+812797]
Ordinal0 [0x003F8C6D+953453]
Ordinal0 [0x003F4200+934400]
Ordinal0 [0x003F19C9+924105]
Ordinal0 [0x0042806C+1146988]
Ordinal0 [0x00427A6A+1145450]
Ordinal0 [0x004218A6+1120422]
Ordinal0 [0x003FA73D+960317]
Ordinal0 [0x003FB71F+964383]
GetHandleVerifier [0x007DE7E2+2743074]
GetHandleVerifier [0x007D08D4+2685972]
GetHandleVerifier [0x005C2BAA+532202]
GetHandleVerifier [0x005C1990+527568]
Ordinal0 [0x004D080C+1837068]
Ordinal0 [0x004D4CD8+1854680]
Ordinal0 [0x004D4DC5+1854917]
Ordinal0 [0x004DED64+1895780]
BaseThreadInitThunk [0x76F36939+25]
RtlGetFullPathName_UEx [0x774E8FD2+1218]
RtlGetFullPathName_UEx [0x774E8F9D+1165]
]]>
            </message>
            <full-stacktrace>
              <![CDATA[org.openqa.selenium.SessionNotCreatedException: session not created: This version of ChromeDriver only supports Chrome version 106
Current browser version is 108.0.5359.99 with binary path C:\Program Files\Google\Chrome\Application\chrome.exe
Build info: version: '3.141.59', revision: 'e82be7d358', time: '2018-11-14T08:17:03'
System info: host: 'MEEM', ip: '192.168.1.159', os.name: 'Windows 11', os.arch: 'amd64', os.version: '10.0', java.version: '18.0.2'
Driver info: driver.version: ChromeDriver
remote stacktrace: Backtrace:
Ordinal0 [0x00531ED3+2236115]
Ordinal0 [0x004C92F1+1807089]
Ordinal0 [0x003D66FD+812797]
Ordinal0 [0x003F8C6D+953453]
Ordinal0 [0x003F4200+934400]
Ordinal0 [0x003F19C9+924105]
Ordinal0 [0x0042806C+1146988]
Ordinal0 [0x00427A6A+1145450]
Ordinal0 [0x004218A6+1120422]
Ordinal0 [0x003FA73D+960317]
Ordinal0 [0x003FB71F+964383]
GetHandleVerifier [0x007DE7E2+2743074]
GetHandleVerifier [0x007D08D4+2685972]
GetHandleVerifier [0x005C2BAA+532202]
GetHandleVerifier [0x005C1990+527568]
Ordinal0 [0x004D080C+1837068]
Ordinal0 [0x004D4CD8+1854680]
Ordinal0 [0x004D4DC5+1854917]
Ordinal0 [0x004DED64+1895780]
BaseThreadInitThunk [0x76F36939+25]
RtlGetFullPathName_UEx [0x774E8FD2+1218]
RtlGetFullPathName_UEx [0x774E8F9D+1165]

at java.base/jdk.internal.reflect.DirectConstructorHandleAccessor.newInstance(DirectConstructorHandleAccessor.java:67)
at java.base/java.lang.reflect.Constructor.newInstanceWithCaller(Constructor.java:499)
at java.base/java.lang.reflect.Constructor.newInstance(Constructor.java:483)
at org.openqa.selenium.remote.W3CHandshakeResponse.lambda$errorHandler$0(W3CHandshakeResponse.java:62)
at org.openqa.selenium.remote.HandshakeResponse.lambda$getResponseFunction$0(HandshakeResponse.java:30)
at org.openqa.selenium.remote.ProtocolHandshake.lambda$createSession$0(ProtocolHandshake.java:126)
at java.base/java.util.stream.ReferencePipeline$3$1.accept(ReferencePipeline.java:197)
at java.base/java.util.Spliterators$ArraySpliterator.tryAdvance(Spliterators.java:1002)
at java.base/java.util.stream.ReferencePipeline.forEachWithCancel(ReferencePipeline.java:129)
at java.base/java.util.stream.AbstractPipeline.copyIntoWithCancel(AbstractPipeline.java:527)
at java.base/java.util.stream.AbstractPipeline.copyInto(AbstractPipeline.java:513)
at java.base/java.util.stream.AbstractPipeline.wrapAndCopyInto(AbstractPipeline.java:499)
at java.base/java.util.stream.FindOps$FindOp.evaluateSequential(FindOps.java:150)
at java.base/java.util.stream.AbstractPipeline.evaluate(AbstractPipeline.java:234)
at java.base/java.util.stream.ReferencePipeline.findFirst(ReferencePipeline.java:647)
at org.openqa.selenium.remote.ProtocolHandshake.createSession(ProtocolHandshake.java:128)
at org.openqa.selenium.remote.ProtocolHandshake.createSession(ProtocolHandshake.java:74)
at org.openqa.selenium.remote.HttpCommandExecutor.execute(HttpCommandExecutor.java:136)
at org.openqa.selenium.remote.service.DriverCommandExecutor.execute(DriverCommandExecutor.java:83)
at org.openqa.selenium.remote.RemoteWebDriver.execute(RemoteWebDriver.java:552)
at org.openqa.selenium.remote.RemoteWebDriver.startSession(RemoteWebDriver.java:213)
at org.openqa.selenium.remote.RemoteWebDriver.<init>(RemoteWebDriver.java:131)
at org.openqa.selenium.chrome.ChromeDriver.<init>(ChromeDriver.java:181)
at org.openqa.selenium.chrome.ChromeDriver.<init>(ChromeDriver.java:168)
at org.openqa.selenium.chrome.ChromeDriver.<init>(ChromeDriver.java:123)
at wrapper.ProjectSpecificWrapper_WbDvr_TestLeaf.login(ProjectSpecificWrapper_WbDvr_TestLeaf.java:21)
at java.base/jdk.internal.reflect.DirectMethodHandleAccessor.invoke(DirectMethodHandleAccessor.java:104)
at java.base/java.lang.reflect.Method.invoke(Method.java:577)
at org.testng.internal.MethodInvocationHelper.invokeMethod(MethodInvocationHelper.java:133)
at org.testng.internal.MethodInvocationHelper.invokeMethodConsideringTimeout(MethodInvocationHelper.java:62)
at org.testng.internal.ConfigInvoker.invokeConfigurationMethod(ConfigInvoker.java:340)
at org.testng.internal.ConfigInvoker.invokeConfigurations(ConfigInvoker.java:294)
at org.testng.internal.TestInvoker.runConfigMethods(TestInvoker.java:683)
at org.testng.internal.TestInvoker.invokeMethod(TestInvoker.java:510)
at org.testng.internal.TestInvoker.invokeTestMethod(TestInvoker.java:172)
at org.testng.internal.MethodRunner.runInSequence(MethodRunner.java:46)
at org.testng.internal.TestInvoker$MethodInvocationAgent.invoke(TestInvoker.java:804)
at org.testng.internal.TestInvoker.invokeTestMethods(TestInvoker.java:145)
at org.testng.internal.TestMethodWorker.invokeTestMethods(TestMethodWorker.java:146)
at org.testng.internal.TestMethodWorker.run(TestMethodWorker.java:128)
at java.base/java.util.concurrent.ThreadPoolExecutor.runWorker(ThreadPoolExecutor.java:1136)
at java.base/java.util.concurrent.ThreadPoolExecutor$Worker.run(ThreadPoolExecutor.java:635)
at java.base/java.lang.Thread.run(Thread.java:833)
]]>
            </full-stacktrace>
          </exception> <!-- org.openqa.selenium.SessionNotCreatedException -->
          <reporter-output>
          </reporter-output>
        </test-method> <!-- createOpportunity -->
        <test-method is-config="true" signature="logout()[pri:0, instance:testCases_LeafTapWD.CreateOpportunity@4da4253]" started-at="2022-12-12T11:04:25 EST" name="logout" finished-at="1969-12-31T19:00:00 EST" duration-ms="-1670861065792" status="SKIP">
          <reporter-output>
          </reporter-output>
        </test-method> <!-- logout -->
      </class> <!-- testCases_LeafTapWD.CreateOpportunity -->
      <class name="testCases_LeafTapWD.CreateLead">
        <test-method is-config="true" signature="login()[pri:0, instance:testCases_LeafTapWD.CreateLead@1649b0e6]" started-at="2022-12-12T11:04:23 EST" name="login" finished-at="2022-12-12T11:04:25 EST" duration-ms="1981" status="FAIL">
          <exception class="org.openqa.selenium.SessionNotCreatedException">
            <message>
              <![CDATA[session not created: This version of ChromeDriver only supports Chrome version 106
Current browser version is 108.0.5359.99 with binary path C:\Program Files\Google\Chrome\Application\chrome.exe
Build info: version: '3.141.59', revision: 'e82be7d358', time: '2018-11-14T08:17:03'
System info: host: 'MEEM', ip: '192.168.1.159', os.name: 'Windows 11', os.arch: 'amd64', os.version: '10.0', java.version: '18.0.2'
Driver info: driver.version: ChromeDriver
remote stacktrace: Backtrace:
Ordinal0 [0x00531ED3+2236115]
Ordinal0 [0x004C92F1+1807089]
Ordinal0 [0x003D66FD+812797]
Ordinal0 [0x003F8C6D+953453]
Ordinal0 [0x003F4200+934400]
Ordinal0 [0x003F19C9+924105]
Ordinal0 [0x0042806C+1146988]
Ordinal0 [0x00427A6A+1145450]
Ordinal0 [0x004218A6+1120422]
Ordinal0 [0x003FA73D+960317]
Ordinal0 [0x003FB71F+964383]
GetHandleVerifier [0x007DE7E2+2743074]
GetHandleVerifier [0x007D08D4+2685972]
GetHandleVerifier [0x005C2BAA+532202]
GetHandleVerifier [0x005C1990+527568]
Ordinal0 [0x004D080C+1837068]
Ordinal0 [0x004D4CD8+1854680]
Ordinal0 [0x004D4DC5+1854917]
Ordinal0 [0x004DED64+1895780]
BaseThreadInitThunk [0x76F36939+25]
RtlGetFullPathName_UEx [0x774E8FD2+1218]
RtlGetFullPathName_UEx [0x774E8F9D+1165]
]]>
            </message>
            <full-stacktrace>
              <![CDATA[org.openqa.selenium.SessionNotCreatedException: session not created: This version of ChromeDriver only supports Chrome version 106
Current browser version is 108.0.5359.99 with binary path C:\Program Files\Google\Chrome\Application\chrome.exe
Build info: version: '3.141.59', revision: 'e82be7d358', time: '2018-11-14T08:17:03'
System info: host: 'MEEM', ip: '192.168.1.159', os.name: 'Windows 11', os.arch: 'amd64', os.version: '10.0', java.version: '18.0.2'
Driver info: driver.version: ChromeDriver
remote stacktrace: Backtrace:
Ordinal0 [0x00531ED3+2236115]
Ordinal0 [0x004C92F1+1807089]
Ordinal0 [0x003D66FD+812797]
Ordinal0 [0x003F8C6D+953453]
Ordinal0 [0x003F4200+934400]
Ordinal0 [0x003F19C9+924105]
Ordinal0 [0x0042806C+1146988]
Ordinal0 [0x00427A6A+1145450]
Ordinal0 [0x004218A6+1120422]
Ordinal0 [0x003FA73D+960317]
Ordinal0 [0x003FB71F+964383]
GetHandleVerifier [0x007DE7E2+2743074]
GetHandleVerifier [0x007D08D4+2685972]
GetHandleVerifier [0x005C2BAA+532202]
GetHandleVerifier [0x005C1990+527568]
Ordinal0 [0x004D080C+1837068]
Ordinal0 [0x004D4CD8+1854680]
Ordinal0 [0x004D4DC5+1854917]
Ordinal0 [0x004DED64+1895780]
BaseThreadInitThunk [0x76F36939+25]
RtlGetFullPathName_UEx [0x774E8FD2+1218]
RtlGetFullPathName_UEx [0x774E8F9D+1165]

at java.base/jdk.internal.reflect.DirectConstructorHandleAccessor.newInstance(DirectConstructorHandleAccessor.java:67)
at java.base/java.lang.reflect.Constructor.newInstanceWithCaller(Constructor.java:499)
at java.base/java.lang.reflect.Constructor.newInstance(Constructor.java:483)
at org.openqa.selenium.remote.W3CHandshakeResponse.lambda$errorHandler$0(W3CHandshakeResponse.java:62)
at org.openqa.selenium.remote.HandshakeResponse.lambda$getResponseFunction$0(HandshakeResponse.java:30)
at org.openqa.selenium.remote.ProtocolHandshake.lambda$createSession$0(ProtocolHandshake.java:126)
at java.base/java.util.stream.ReferencePipeline$3$1.accept(ReferencePipeline.java:197)
at java.base/java.util.Spliterators$ArraySpliterator.tryAdvance(Spliterators.java:1002)
at java.base/java.util.stream.ReferencePipeline.forEachWithCancel(ReferencePipeline.java:129)
at java.base/java.util.stream.AbstractPipeline.copyIntoWithCancel(AbstractPipeline.java:527)
at java.base/java.util.stream.AbstractPipeline.copyInto(AbstractPipeline.java:513)
at java.base/java.util.stream.AbstractPipeline.wrapAndCopyInto(AbstractPipeline.java:499)
at java.base/java.util.stream.FindOps$FindOp.evaluateSequential(FindOps.java:150)
at java.base/java.util.stream.AbstractPipeline.evaluate(AbstractPipeline.java:234)
at java.base/java.util.stream.ReferencePipeline.findFirst(ReferencePipeline.java:647)
at org.openqa.selenium.remote.ProtocolHandshake.createSession(ProtocolHandshake.java:128)
at org.openqa.selenium.remote.ProtocolHandshake.createSession(ProtocolHandshake.java:74)
at org.openqa.selenium.remote.HttpCommandExecutor.execute(HttpCommandExecutor.java:136)
at org.openqa.selenium.remote.service.DriverCommandExecutor.execute(DriverCommandExecutor.java:83)
at org.openqa.selenium.remote.RemoteWebDriver.execute(RemoteWebDriver.java:552)
at org.openqa.selenium.remote.RemoteWebDriver.startSession(RemoteWebDriver.java:213)
at org.openqa.selenium.remote.RemoteWebDriver.<init>(RemoteWebDriver.java:131)
at org.openqa.selenium.chrome.ChromeDriver.<init>(ChromeDriver.java:181)
at org.openqa.selenium.chrome.ChromeDriver.<init>(ChromeDriver.java:168)
at org.openqa.selenium.chrome.ChromeDriver.<init>(ChromeDriver.java:123)
at wrapper.ProjectSpecificWrapper_WbDvr_TestLeaf.login(ProjectSpecificWrapper_WbDvr_TestLeaf.java:21)
at java.base/jdk.internal.reflect.DirectMethodHandleAccessor.invoke(DirectMethodHandleAccessor.java:104)
at java.base/java.lang.reflect.Method.invoke(Method.java:577)
at org.testng.internal.MethodInvocationHelper.invokeMethod(MethodInvocationHelper.java:133)
at org.testng.internal.MethodInvocationHelper.invokeMethodConsideringTimeout(MethodInvocationHelper.java:62)
at org.testng.internal.ConfigInvoker.invokeConfigurationMethod(ConfigInvoker.java:340)
at org.testng.internal.ConfigInvoker.invokeConfigurations(ConfigInvoker.java:294)
at org.testng.internal.TestInvoker.runConfigMethods(TestInvoker.java:683)
at org.testng.internal.TestInvoker.invokeMethod(TestInvoker.java:510)
at org.testng.internal.TestInvoker.invokeTestMethod(TestInvoker.java:172)
at org.testng.internal.MethodRunner.runInSequence(MethodRunner.java:46)
at org.testng.internal.TestInvoker$MethodInvocationAgent.invoke(TestInvoker.java:804)
at org.testng.internal.TestInvoker.invokeTestMethods(TestInvoker.java:145)
at org.testng.internal.TestMethodWorker.invokeTestMethods(TestMethodWorker.java:146)
at org.testng.internal.TestMethodWorker.run(TestMethodWorker.java:128)
at java.base/java.util.concurrent.ThreadPoolExecutor.runWorker(ThreadPoolExecutor.java:1136)
at java.base/java.util.concurrent.ThreadPoolExecutor$Worker.run(ThreadPoolExecutor.java:635)
at java.base/java.lang.Thread.run(Thread.java:833)
]]>
            </full-stacktrace>
          </exception> <!-- org.openqa.selenium.SessionNotCreatedException -->
          <reporter-output>
          </reporter-output>
        </test-method> <!-- login -->
        <test-method signature="creatLead()[pri:0, instance:testCases_LeafTapWD.CreateLead@1649b0e6]" started-at="2022-12-12T11:04:25 EST" name="creatLead" finished-at="2022-12-12T11:04:25 EST" duration-ms="0" status="SKIP">
          <exception class="org.openqa.selenium.SessionNotCreatedException">
            <message>
              <![CDATA[session not created: This version of ChromeDriver only supports Chrome version 106
Current browser version is 108.0.5359.99 with binary path C:\Program Files\Google\Chrome\Application\chrome.exe
Build info: version: '3.141.59', revision: 'e82be7d358', time: '2018-11-14T08:17:03'
System info: host: 'MEEM', ip: '192.168.1.159', os.name: 'Windows 11', os.arch: 'amd64', os.version: '10.0', java.version: '18.0.2'
Driver info: driver.version: ChromeDriver
remote stacktrace: Backtrace:
Ordinal0 [0x00531ED3+2236115]
Ordinal0 [0x004C92F1+1807089]
Ordinal0 [0x003D66FD+812797]
Ordinal0 [0x003F8C6D+953453]
Ordinal0 [0x003F4200+934400]
Ordinal0 [0x003F19C9+924105]
Ordinal0 [0x0042806C+1146988]
Ordinal0 [0x00427A6A+1145450]
Ordinal0 [0x004218A6+1120422]
Ordinal0 [0x003FA73D+960317]
Ordinal0 [0x003FB71F+964383]
GetHandleVerifier [0x007DE7E2+2743074]
GetHandleVerifier [0x007D08D4+2685972]
GetHandleVerifier [0x005C2BAA+532202]
GetHandleVerifier [0x005C1990+527568]
Ordinal0 [0x004D080C+1837068]
Ordinal0 [0x004D4CD8+1854680]
Ordinal0 [0x004D4DC5+1854917]
Ordinal0 [0x004DED64+1895780]
BaseThreadInitThunk [0x76F36939+25]
RtlGetFullPathName_UEx [0x774E8FD2+1218]
RtlGetFullPathName_UEx [0x774E8F9D+1165]
]]>
            </message>
            <full-stacktrace>
              <![CDATA[org.openqa.selenium.SessionNotCreatedException: session not created: This version of ChromeDriver only supports Chrome version 106
Current browser version is 108.0.5359.99 with binary path C:\Program Files\Google\Chrome\Application\chrome.exe
Build info: version: '3.141.59', revision: 'e82be7d358', time: '2018-11-14T08:17:03'
System info: host: 'MEEM', ip: '192.168.1.159', os.name: 'Windows 11', os.arch: 'amd64', os.version: '10.0', java.version: '18.0.2'
Driver info: driver.version: ChromeDriver
remote stacktrace: Backtrace:
Ordinal0 [0x00531ED3+2236115]
Ordinal0 [0x004C92F1+1807089]
Ordinal0 [0x003D66FD+812797]
Ordinal0 [0x003F8C6D+953453]
Ordinal0 [0x003F4200+934400]
Ordinal0 [0x003F19C9+924105]
Ordinal0 [0x0042806C+1146988]
Ordinal0 [0x00427A6A+1145450]
Ordinal0 [0x004218A6+1120422]
Ordinal0 [0x003FA73D+960317]
Ordinal0 [0x003FB71F+964383]
GetHandleVerifier [0x007DE7E2+2743074]
GetHandleVerifier [0x007D08D4+2685972]
GetHandleVerifier [0x005C2BAA+532202]
GetHandleVerifier [0x005C1990+527568]
Ordinal0 [0x004D080C+1837068]
Ordinal0 [0x004D4CD8+1854680]
Ordinal0 [0x004D4DC5+1854917]
Ordinal0 [0x004DED64+1895780]
BaseThreadInitThunk [0x76F36939+25]
RtlGetFullPathName_UEx [0x774E8FD2+1218]
RtlGetFullPathName_UEx [0x774E8F9D+1165]

at java.base/jdk.internal.reflect.DirectConstructorHandleAccessor.newInstance(DirectConstructorHandleAccessor.java:67)
at java.base/java.lang.reflect.Constructor.newInstanceWithCaller(Constructor.java:499)
at java.base/java.lang.reflect.Constructor.newInstance(Constructor.java:483)
at org.openqa.selenium.remote.W3CHandshakeResponse.lambda$errorHandler$0(W3CHandshakeResponse.java:62)
at org.openqa.selenium.remote.HandshakeResponse.lambda$getResponseFunction$0(HandshakeResponse.java:30)
at org.openqa.selenium.remote.ProtocolHandshake.lambda$createSession$0(ProtocolHandshake.java:126)
at java.base/java.util.stream.ReferencePipeline$3$1.accept(ReferencePipeline.java:197)
at java.base/java.util.Spliterators$ArraySpliterator.tryAdvance(Spliterators.java:1002)
at java.base/java.util.stream.ReferencePipeline.forEachWithCancel(ReferencePipeline.java:129)
at java.base/java.util.stream.AbstractPipeline.copyIntoWithCancel(AbstractPipeline.java:527)
at java.base/java.util.stream.AbstractPipeline.copyInto(AbstractPipeline.java:513)
at java.base/java.util.stream.AbstractPipeline.wrapAndCopyInto(AbstractPipeline.java:499)
at java.base/java.util.stream.FindOps$FindOp.evaluateSequential(FindOps.java:150)
at java.base/java.util.stream.AbstractPipeline.evaluate(AbstractPipeline.java:234)
at java.base/java.util.stream.ReferencePipeline.findFirst(ReferencePipeline.java:647)
at org.openqa.selenium.remote.ProtocolHandshake.createSession(ProtocolHandshake.java:128)
at org.openqa.selenium.remote.ProtocolHandshake.createSession(ProtocolHandshake.java:74)
at org.openqa.selenium.remote.HttpCommandExecutor.execute(HttpCommandExecutor.java:136)
at org.openqa.selenium.remote.service.DriverCommandExecutor.execute(DriverCommandExecutor.java:83)
at org.openqa.selenium.remote.RemoteWebDriver.execute(RemoteWebDriver.java:552)
at org.openqa.selenium.remote.RemoteWebDriver.startSession(RemoteWebDriver.java:213)
at org.openqa.selenium.remote.RemoteWebDriver.<init>(RemoteWebDriver.java:131)
at org.openqa.selenium.chrome.ChromeDriver.<init>(ChromeDriver.java:181)
at org.openqa.selenium.chrome.ChromeDriver.<init>(ChromeDriver.java:168)
at org.openqa.selenium.chrome.ChromeDriver.<init>(ChromeDriver.java:123)
at wrapper.ProjectSpecificWrapper_WbDvr_TestLeaf.login(ProjectSpecificWrapper_WbDvr_TestLeaf.java:21)
at java.base/jdk.internal.reflect.DirectMethodHandleAccessor.invoke(DirectMethodHandleAccessor.java:104)
at java.base/java.lang.reflect.Method.invoke(Method.java:577)
at org.testng.internal.MethodInvocationHelper.invokeMethod(MethodInvocationHelper.java:133)
at org.testng.internal.MethodInvocationHelper.invokeMethodConsideringTimeout(MethodInvocationHelper.java:62)
at org.testng.internal.ConfigInvoker.invokeConfigurationMethod(ConfigInvoker.java:340)
at org.testng.internal.ConfigInvoker.invokeConfigurations(ConfigInvoker.java:294)
at org.testng.internal.TestInvoker.runConfigMethods(TestInvoker.java:683)
at org.testng.internal.TestInvoker.invokeMethod(TestInvoker.java:510)
at org.testng.internal.TestInvoker.invokeTestMethod(TestInvoker.java:172)
at org.testng.internal.MethodRunner.runInSequence(MethodRunner.java:46)
at org.testng.internal.TestInvoker$MethodInvocationAgent.invoke(TestInvoker.java:804)
at org.testng.internal.TestInvoker.invokeTestMethods(TestInvoker.java:145)
at org.testng.internal.TestMethodWorker.invokeTestMethods(TestMethodWorker.java:146)
at org.testng.internal.TestMethodWorker.run(TestMethodWorker.java:128)
at java.base/java.util.concurrent.ThreadPoolExecutor.runWorker(ThreadPoolExecutor.java:1136)
at java.base/java.util.concurrent.ThreadPoolExecutor$Worker.run(ThreadPoolExecutor.java:635)
at java.base/java.lang.Thread.run(Thread.java:833)
]]>
            </full-stacktrace>
          </exception> <!-- org.openqa.selenium.SessionNotCreatedException -->
          <reporter-output>
          </reporter-output>
        </test-method> <!-- creatLead -->
        <test-method is-config="true" signature="logout()[pri:0, instance:testCases_LeafTapWD.CreateLead@1649b0e6]" started-at="2022-12-12T11:04:25 EST" name="logout" finished-at="1969-12-31T19:00:00 EST" duration-ms="-1670861065786" status="SKIP">
          <reporter-output>
          </reporter-output>
        </test-method> <!-- logout -->
      </class> <!-- testCases_LeafTapWD.CreateLead -->
      <class name="testCases_LeafTapWD.CreateContact">
        <test-method is-config="true" signature="login()[pri:0, instance:testCases_LeafTapWD.CreateContact@3972a855]" started-at="2022-12-12T11:04:23 EST" name="login" finished-at="2022-12-12T11:04:25 EST" duration-ms="1916" status="FAIL">
          <exception class="org.openqa.selenium.SessionNotCreatedException">
            <message>
              <![CDATA[session not created: This version of ChromeDriver only supports Chrome version 106
Current browser version is 108.0.5359.99 with binary path C:\Program Files\Google\Chrome\Application\chrome.exe
Build info: version: '3.141.59', revision: 'e82be7d358', time: '2018-11-14T08:17:03'
System info: host: 'MEEM', ip: '192.168.1.159', os.name: 'Windows 11', os.arch: 'amd64', os.version: '10.0', java.version: '18.0.2'
Driver info: driver.version: ChromeDriver
remote stacktrace: Backtrace:
Ordinal0 [0x00531ED3+2236115]
Ordinal0 [0x004C92F1+1807089]
Ordinal0 [0x003D66FD+812797]
Ordinal0 [0x003F8C6D+953453]
Ordinal0 [0x003F4200+934400]
Ordinal0 [0x003F19C9+924105]
Ordinal0 [0x0042806C+1146988]
Ordinal0 [0x00427A6A+1145450]
Ordinal0 [0x004218A6+1120422]
Ordinal0 [0x003FA73D+960317]
Ordinal0 [0x003FB71F+964383]
GetHandleVerifier [0x007DE7E2+2743074]
GetHandleVerifier [0x007D08D4+2685972]
GetHandleVerifier [0x005C2BAA+532202]
GetHandleVerifier [0x005C1990+527568]
Ordinal0 [0x004D080C+1837068]
Ordinal0 [0x004D4CD8+1854680]
Ordinal0 [0x004D4DC5+1854917]
Ordinal0 [0x004DED64+1895780]
BaseThreadInitThunk [0x76F36939+25]
RtlGetFullPathName_UEx [0x774E8FD2+1218]
RtlGetFullPathName_UEx [0x774E8F9D+1165]
]]>
            </message>
            <full-stacktrace>
              <![CDATA[org.openqa.selenium.SessionNotCreatedException: session not created: This version of ChromeDriver only supports Chrome version 106
Current browser version is 108.0.5359.99 with binary path C:\Program Files\Google\Chrome\Application\chrome.exe
Build info: version: '3.141.59', revision: 'e82be7d358', time: '2018-11-14T08:17:03'
System info: host: 'MEEM', ip: '192.168.1.159', os.name: 'Windows 11', os.arch: 'amd64', os.version: '10.0', java.version: '18.0.2'
Driver info: driver.version: ChromeDriver
remote stacktrace: Backtrace:
Ordinal0 [0x00531ED3+2236115]
Ordinal0 [0x004C92F1+1807089]
Ordinal0 [0x003D66FD+812797]
Ordinal0 [0x003F8C6D+953453]
Ordinal0 [0x003F4200+934400]
Ordinal0 [0x003F19C9+924105]
Ordinal0 [0x0042806C+1146988]
Ordinal0 [0x00427A6A+1145450]
Ordinal0 [0x004218A6+1120422]
Ordinal0 [0x003FA73D+960317]
Ordinal0 [0x003FB71F+964383]
GetHandleVerifier [0x007DE7E2+2743074]
GetHandleVerifier [0x007D08D4+2685972]
GetHandleVerifier [0x005C2BAA+532202]
GetHandleVerifier [0x005C1990+527568]
Ordinal0 [0x004D080C+1837068]
Ordinal0 [0x004D4CD8+1854680]
Ordinal0 [0x004D4DC5+1854917]
Ordinal0 [0x004DED64+1895780]
BaseThreadInitThunk [0x76F36939+25]
RtlGetFullPathName_UEx [0x774E8FD2+1218]
RtlGetFullPathName_UEx [0x774E8F9D+1165]

at java.base/jdk.internal.reflect.DirectConstructorHandleAccessor.newInstance(DirectConstructorHandleAccessor.java:67)
at java.base/java.lang.reflect.Constructor.newInstanceWithCaller(Constructor.java:499)
at java.base/java.lang.reflect.Constructor.newInstance(Constructor.java:483)
at org.openqa.selenium.remote.W3CHandshakeResponse.lambda$errorHandler$0(W3CHandshakeResponse.java:62)
at org.openqa.selenium.remote.HandshakeResponse.lambda$getResponseFunction$0(HandshakeResponse.java:30)
at org.openqa.selenium.remote.ProtocolHandshake.lambda$createSession$0(ProtocolHandshake.java:126)
at java.base/java.util.stream.ReferencePipeline$3$1.accept(ReferencePipeline.java:197)
at java.base/java.util.Spliterators$ArraySpliterator.tryAdvance(Spliterators.java:1002)
at java.base/java.util.stream.ReferencePipeline.forEachWithCancel(ReferencePipeline.java:129)
at java.base/java.util.stream.AbstractPipeline.copyIntoWithCancel(AbstractPipeline.java:527)
at java.base/java.util.stream.AbstractPipeline.copyInto(AbstractPipeline.java:513)
at java.base/java.util.stream.AbstractPipeline.wrapAndCopyInto(AbstractPipeline.java:499)
at java.base/java.util.stream.FindOps$FindOp.evaluateSequential(FindOps.java:150)
at java.base/java.util.stream.AbstractPipeline.evaluate(AbstractPipeline.java:234)
at java.base/java.util.stream.ReferencePipeline.findFirst(ReferencePipeline.java:647)
at org.openqa.selenium.remote.ProtocolHandshake.createSession(ProtocolHandshake.java:128)
at org.openqa.selenium.remote.ProtocolHandshake.createSession(ProtocolHandshake.java:74)
at org.openqa.selenium.remote.HttpCommandExecutor.execute(HttpCommandExecutor.java:136)
at org.openqa.selenium.remote.service.DriverCommandExecutor.execute(DriverCommandExecutor.java:83)
at org.openqa.selenium.remote.RemoteWebDriver.execute(RemoteWebDriver.java:552)
at org.openqa.selenium.remote.RemoteWebDriver.startSession(RemoteWebDriver.java:213)
at org.openqa.selenium.remote.RemoteWebDriver.<init>(RemoteWebDriver.java:131)
at org.openqa.selenium.chrome.ChromeDriver.<init>(ChromeDriver.java:181)
at org.openqa.selenium.chrome.ChromeDriver.<init>(ChromeDriver.java:168)
at org.openqa.selenium.chrome.ChromeDriver.<init>(ChromeDriver.java:123)
at wrapper.ProjectSpecificWrapper_WbDvr_TestLeaf.login(ProjectSpecificWrapper_WbDvr_TestLeaf.java:21)
at java.base/jdk.internal.reflect.DirectMethodHandleAccessor.invoke(DirectMethodHandleAccessor.java:104)
at java.base/java.lang.reflect.Method.invoke(Method.java:577)
at org.testng.internal.MethodInvocationHelper.invokeMethod(MethodInvocationHelper.java:133)
at org.testng.internal.MethodInvocationHelper.invokeMethodConsideringTimeout(MethodInvocationHelper.java:62)
at org.testng.internal.ConfigInvoker.invokeConfigurationMethod(ConfigInvoker.java:340)
at org.testng.internal.ConfigInvoker.invokeConfigurations(ConfigInvoker.java:294)
at org.testng.internal.TestInvoker.runConfigMethods(TestInvoker.java:683)
at org.testng.internal.TestInvoker.invokeMethod(TestInvoker.java:510)
at org.testng.internal.TestInvoker.invokeTestMethod(TestInvoker.java:172)
at org.testng.internal.MethodRunner.runInSequence(MethodRunner.java:46)
at org.testng.internal.TestInvoker$MethodInvocationAgent.invoke(TestInvoker.java:804)
at org.testng.internal.TestInvoker.invokeTestMethods(TestInvoker.java:145)
at org.testng.internal.TestMethodWorker.invokeTestMethods(TestMethodWorker.java:146)
at org.testng.internal.TestMethodWorker.run(TestMethodWorker.java:128)
at java.base/java.util.concurrent.ThreadPoolExecutor.runWorker(ThreadPoolExecutor.java:1136)
at java.base/java.util.concurrent.ThreadPoolExecutor$Worker.run(ThreadPoolExecutor.java:635)
at java.base/java.lang.Thread.run(Thread.java:833)
]]>
            </full-stacktrace>
          </exception> <!-- org.openqa.selenium.SessionNotCreatedException -->
          <reporter-output>
          </reporter-output>
        </test-method> <!-- login -->
        <test-method signature="creatContact()[pri:0, instance:testCases_LeafTapWD.CreateContact@3972a855]" started-at="2022-12-12T11:04:25 EST" name="creatContact" finished-at="2022-12-12T11:04:25 EST" duration-ms="0" status="SKIP">
          <exception class="org.openqa.selenium.SessionNotCreatedException">
            <message>
              <![CDATA[session not created: This version of ChromeDriver only supports Chrome version 106
Current browser version is 108.0.5359.99 with binary path C:\Program Files\Google\Chrome\Application\chrome.exe
Build info: version: '3.141.59', revision: 'e82be7d358', time: '2018-11-14T08:17:03'
System info: host: 'MEEM', ip: '192.168.1.159', os.name: 'Windows 11', os.arch: 'amd64', os.version: '10.0', java.version: '18.0.2'
Driver info: driver.version: ChromeDriver
remote stacktrace: Backtrace:
Ordinal0 [0x00531ED3+2236115]
Ordinal0 [0x004C92F1+1807089]
Ordinal0 [0x003D66FD+812797]
Ordinal0 [0x003F8C6D+953453]
Ordinal0 [0x003F4200+934400]
Ordinal0 [0x003F19C9+924105]
Ordinal0 [0x0042806C+1146988]
Ordinal0 [0x00427A6A+1145450]
Ordinal0 [0x004218A6+1120422]
Ordinal0 [0x003FA73D+960317]
Ordinal0 [0x003FB71F+964383]
GetHandleVerifier [0x007DE7E2+2743074]
GetHandleVerifier [0x007D08D4+2685972]
GetHandleVerifier [0x005C2BAA+532202]
GetHandleVerifier [0x005C1990+527568]
Ordinal0 [0x004D080C+1837068]
Ordinal0 [0x004D4CD8+1854680]
Ordinal0 [0x004D4DC5+1854917]
Ordinal0 [0x004DED64+1895780]
BaseThreadInitThunk [0x76F36939+25]
RtlGetFullPathName_UEx [0x774E8FD2+1218]
RtlGetFullPathName_UEx [0x774E8F9D+1165]
]]>
            </message>
            <full-stacktrace>
              <![CDATA[org.openqa.selenium.SessionNotCreatedException: session not created: This version of ChromeDriver only supports Chrome version 106
Current browser version is 108.0.5359.99 with binary path C:\Program Files\Google\Chrome\Application\chrome.exe
Build info: version: '3.141.59', revision: 'e82be7d358', time: '2018-11-14T08:17:03'
System info: host: 'MEEM', ip: '192.168.1.159', os.name: 'Windows 11', os.arch: 'amd64', os.version: '10.0', java.version: '18.0.2'
Driver info: driver.version: ChromeDriver
remote stacktrace: Backtrace:
Ordinal0 [0x00531ED3+2236115]
Ordinal0 [0x004C92F1+1807089]
Ordinal0 [0x003D66FD+812797]
Ordinal0 [0x003F8C6D+953453]
Ordinal0 [0x003F4200+934400]
Ordinal0 [0x003F19C9+924105]
Ordinal0 [0x0042806C+1146988]
Ordinal0 [0x00427A6A+1145450]
Ordinal0 [0x004218A6+1120422]
Ordinal0 [0x003FA73D+960317]
Ordinal0 [0x003FB71F+964383]
GetHandleVerifier [0x007DE7E2+2743074]
GetHandleVerifier [0x007D08D4+2685972]
GetHandleVerifier [0x005C2BAA+532202]
GetHandleVerifier [0x005C1990+527568]
Ordinal0 [0x004D080C+1837068]
Ordinal0 [0x004D4CD8+1854680]
Ordinal0 [0x004D4DC5+1854917]
Ordinal0 [0x004DED64+1895780]
BaseThreadInitThunk [0x76F36939+25]
RtlGetFullPathName_UEx [0x774E8FD2+1218]
RtlGetFullPathName_UEx [0x774E8F9D+1165]

at java.base/jdk.internal.reflect.DirectConstructorHandleAccessor.newInstance(DirectConstructorHandleAccessor.java:67)
at java.base/java.lang.reflect.Constructor.newInstanceWithCaller(Constructor.java:499)
at java.base/java.lang.reflect.Constructor.newInstance(Constructor.java:483)
at org.openqa.selenium.remote.W3CHandshakeResponse.lambda$errorHandler$0(W3CHandshakeResponse.java:62)
at org.openqa.selenium.remote.HandshakeResponse.lambda$getResponseFunction$0(HandshakeResponse.java:30)
at org.openqa.selenium.remote.ProtocolHandshake.lambda$createSession$0(ProtocolHandshake.java:126)
at java.base/java.util.stream.ReferencePipeline$3$1.accept(ReferencePipeline.java:197)
at java.base/java.util.Spliterators$ArraySpliterator.tryAdvance(Spliterators.java:1002)
at java.base/java.util.stream.ReferencePipeline.forEachWithCancel(ReferencePipeline.java:129)
at java.base/java.util.stream.AbstractPipeline.copyIntoWithCancel(AbstractPipeline.java:527)
at java.base/java.util.stream.AbstractPipeline.copyInto(AbstractPipeline.java:513)
at java.base/java.util.stream.AbstractPipeline.wrapAndCopyInto(AbstractPipeline.java:499)
at java.base/java.util.stream.FindOps$FindOp.evaluateSequential(FindOps.java:150)
at java.base/java.util.stream.AbstractPipeline.evaluate(AbstractPipeline.java:234)
at java.base/java.util.stream.ReferencePipeline.findFirst(ReferencePipeline.java:647)
at org.openqa.selenium.remote.ProtocolHandshake.createSession(ProtocolHandshake.java:128)
at org.openqa.selenium.remote.ProtocolHandshake.createSession(ProtocolHandshake.java:74)
at org.openqa.selenium.remote.HttpCommandExecutor.execute(HttpCommandExecutor.java:136)
at org.openqa.selenium.remote.service.DriverCommandExecutor.execute(DriverCommandExecutor.java:83)
at org.openqa.selenium.remote.RemoteWebDriver.execute(RemoteWebDriver.java:552)
at org.openqa.selenium.remote.RemoteWebDriver.startSession(RemoteWebDriver.java:213)
at org.openqa.selenium.remote.RemoteWebDriver.<init>(RemoteWebDriver.java:131)
at org.openqa.selenium.chrome.ChromeDriver.<init>(ChromeDriver.java:181)
at org.openqa.selenium.chrome.ChromeDriver.<init>(ChromeDriver.java:168)
at org.openqa.selenium.chrome.ChromeDriver.<init>(ChromeDriver.java:123)
at wrapper.ProjectSpecificWrapper_WbDvr_TestLeaf.login(ProjectSpecificWrapper_WbDvr_TestLeaf.java:21)
at java.base/jdk.internal.reflect.DirectMethodHandleAccessor.invoke(DirectMethodHandleAccessor.java:104)
at java.base/java.lang.reflect.Method.invoke(Method.java:577)
at org.testng.internal.MethodInvocationHelper.invokeMethod(MethodInvocationHelper.java:133)
at org.testng.internal.MethodInvocationHelper.invokeMethodConsideringTimeout(MethodInvocationHelper.java:62)
at org.testng.internal.ConfigInvoker.invokeConfigurationMethod(ConfigInvoker.java:340)
at org.testng.internal.ConfigInvoker.invokeConfigurations(ConfigInvoker.java:294)
at org.testng.internal.TestInvoker.runConfigMethods(TestInvoker.java:683)
at org.testng.internal.TestInvoker.invokeMethod(TestInvoker.java:510)
at org.testng.internal.TestInvoker.invokeTestMethod(TestInvoker.java:172)
at org.testng.internal.MethodRunner.runInSequence(MethodRunner.java:46)
at org.testng.internal.TestInvoker$MethodInvocationAgent.invoke(TestInvoker.java:804)
at org.testng.internal.TestInvoker.invokeTestMethods(TestInvoker.java:145)
at org.testng.internal.TestMethodWorker.invokeTestMethods(TestMethodWorker.java:146)
at org.testng.internal.TestMethodWorker.run(TestMethodWorker.java:128)
at java.base/java.util.concurrent.ThreadPoolExecutor.runWorker(ThreadPoolExecutor.java:1136)
at java.base/java.util.concurrent.ThreadPoolExecutor$Worker.run(ThreadPoolExecutor.java:635)
at java.base/java.lang.Thread.run(Thread.java:833)
]]>
            </full-stacktrace>
          </exception> <!-- org.openqa.selenium.SessionNotCreatedException -->
          <reporter-output>
          </reporter-output>
        </test-method> <!-- creatContact -->
        <test-method is-config="true" signature="logout()[pri:0, instance:testCases_LeafTapWD.CreateContact@3972a855]" started-at="2022-12-12T11:04:25 EST" name="logout" finished-at="1969-12-31T19:00:00 EST" duration-ms="-1670861065752" status="SKIP">
          <reporter-output>
          </reporter-output>
        </test-method> <!-- logout -->
      </class> <!-- testCases_LeafTapWD.CreateContact -->
    </test> <!-- Test -->
  </suite> <!-- Suite -->
</testng-results>
